[INFO  - 2015-05-24T15:34:52.813Z] GhostDriver - Main - running on port 28315
[INFO  - 2015-05-24T15:34:54.138Z] Session [6cc1f280-022a-11e5-b174-03e09ad35e51] - page.settings - {"XSSAuditingEnabled":false,"javascriptCanCloseWindows":true,"javascriptCanOpenWindows":true,"javascriptEnabled":true,"loadImages":true,"localToRemoteUrlAccessEnabled":false,"userAgent":"Mozilla/5.0 (Windows NT 6.1; WOW64) AppleWebKit/538.1 (KHTML, like Gecko) PhantomJS/2.0.0 Safari/538.1","webSecurityEnabled":false}
[INFO  - 2015-05-24T15:34:54.138Z] Session [6cc1f280-022a-11e5-b174-03e09ad35e51] - page.customHeaders:  - {}
[INFO  - 2015-05-24T15:34:54.138Z] Session [6cc1f280-022a-11e5-b174-03e09ad35e51] - Session.negotiatedCapabilities - {"browserName":"phantomjs","version":"2.0.0","driverName":"ghostdriver","driverVersion":"1.2.0","platform":"windows-7-32bit","javascriptEnabled":true,"takesScreenshot":true,"handlesAlerts":false,"databaseEnabled":false,"locationContextEnabled":false,"applicationCacheEnabled":false,"browserConnectionEnabled":false,"cssSelectorsEnabled":true,"webStorageEnabled":false,"rotatable":false,"acceptSslCerts":false,"nativeEvents":true,"proxy":{"proxyType":"direct"}}
[INFO  - 2015-05-24T15:34:54.138Z] SessionManagerReqHand - _postNewSessionCommand - New Session Created: 6cc1f280-022a-11e5-b174-03e09ad35e51
[ERROR - 2015-05-24T15:35:31.037Z] WebElementLocator - _handleLocateCommand - Element(s) NOT Found: GAVE UP. Search Stop Time: 1432481730970
[INFO  - 2015-05-24T15:35:31.976Z] ShutdownReqHand - _handle - About to shutdown
[INFO  - 2015-05-24T15:36:01.570Z] GhostDriver - Main - running on port 4949
[INFO  - 2015-05-24T15:36:02.018Z] Session [95394ab0-022a-11e5-815b-8b673d315489] - page.settings - {"XSSAuditingEnabled":false,"javascriptCanCloseWindows":true,"javascriptCanOpenWindows":true,"javascriptEnabled":true,"loadImages":true,"localToRemoteUrlAccessEnabled":false,"userAgent":"Mozilla/5.0 (Windows NT 6.1; WOW64) AppleWebKit/538.1 (KHTML, like Gecko) PhantomJS/2.0.0 Safari/538.1","webSecurityEnabled":false}
[INFO  - 2015-05-24T15:36:02.019Z] Session [95394ab0-022a-11e5-815b-8b673d315489] - page.customHeaders:  - {}
[INFO  - 2015-05-24T15:36:02.019Z] Session [95394ab0-022a-11e5-815b-8b673d315489] - Session.negotiatedCapabilities - {"browserName":"phantomjs","version":"2.0.0","driverName":"ghostdriver","driverVersion":"1.2.0","platform":"windows-7-32bit","javascriptEnabled":true,"takesScreenshot":true,"handlesAlerts":false,"databaseEnabled":false,"locationContextEnabled":false,"applicationCacheEnabled":false,"browserConnectionEnabled":false,"cssSelectorsEnabled":true,"webStorageEnabled":false,"rotatable":false,"acceptSslCerts":false,"nativeEvents":true,"proxy":{"proxyType":"direct"}}
[INFO  - 2015-05-24T15:36:02.019Z] SessionManagerReqHand - _postNewSessionCommand - New Session Created: 95394ab0-022a-11e5-815b-8b673d315489
[ERROR - 2015-05-24T15:36:38.277Z] WebElementLocator - _handleLocateCommand - Element(s) NOT Found: GAVE UP. Search Stop Time: 1432481798221
[INFO  - 2015-05-24T15:36:38.923Z] ShutdownReqHand - _handle - About to shutdown
[INFO  - 2015-05-24T15:43:30.541Z] GhostDriver - Main - running on port 13031
[INFO  - 2015-05-24T15:43:31.491Z] Session [a1208360-022b-11e5-bd4a-6743a3da287f] - page.settings - {"XSSAuditingEnabled":false,"javascriptCanCloseWindows":true,"javascriptCanOpenWindows":true,"javascriptEnabled":true,"loadImages":true,"localToRemoteUrlAccessEnabled":false,"userAgent":"Mozilla/5.0 (Windows NT 6.1; WOW64) AppleWebKit/538.1 (KHTML, like Gecko) PhantomJS/2.0.0 Safari/538.1","webSecurityEnabled":false}
[INFO  - 2015-05-24T15:43:31.491Z] Session [a1208360-022b-11e5-bd4a-6743a3da287f] - page.customHeaders:  - {}
[INFO  - 2015-05-24T15:43:31.492Z] Session [a1208360-022b-11e5-bd4a-6743a3da287f] - Session.negotiatedCapabilities - {"browserName":"phantomjs","version":"2.0.0","driverName":"ghostdriver","driverVersion":"1.2.0","platform":"windows-7-32bit","javascriptEnabled":true,"takesScreenshot":true,"handlesAlerts":false,"databaseEnabled":false,"locationContextEnabled":false,"applicationCacheEnabled":false,"browserConnectionEnabled":false,"cssSelectorsEnabled":true,"webStorageEnabled":false,"rotatable":false,"acceptSslCerts":false,"nativeEvents":true,"proxy":{"proxyType":"direct"}}
[INFO  - 2015-05-24T15:43:31.493Z] SessionManagerReqHand - _postNewSessionCommand - New Session Created: a1208360-022b-11e5-bd4a-6743a3da287f
[ERROR - 2015-05-24T15:44:07.828Z] WebElementLocator - _handleLocateCommand - Element(s) NOT Found: GAVE UP. Search Stop Time: 1432482247814
[INFO  - 2015-05-24T15:44:08.659Z] ShutdownReqHand - _handle - About to shutdown
[INFO  - 2015-05-24T15:45:59.406Z] GhostDriver - Main - running on port 4972
[INFO  - 2015-05-24T15:46:00.206Z] Session [f9c49f10-022b-11e5-b350-d75e32c340e2] - page.settings - {"XSSAuditingEnabled":false,"javascriptCanCloseWindows":true,"javascriptCanOpenWindows":true,"javascriptEnabled":true,"loadImages":true,"localToRemoteUrlAccessEnabled":false,"userAgent":"Mozilla/5.0 (Windows NT 6.1; WOW64) AppleWebKit/538.1 (KHTML, like Gecko) PhantomJS/2.0.0 Safari/538.1","webSecurityEnabled":false}
[INFO  - 2015-05-24T15:46:00.207Z] Session [f9c49f10-022b-11e5-b350-d75e32c340e2] - page.customHeaders:  - {}
[INFO  - 2015-05-24T15:46:00.207Z] Session [f9c49f10-022b-11e5-b350-d75e32c340e2] - Session.negotiatedCapabilities - {"browserName":"phantomjs","version":"2.0.0","driverName":"ghostdriver","driverVersion":"1.2.0","platform":"windows-7-32bit","javascriptEnabled":true,"takesScreenshot":true,"handlesAlerts":false,"databaseEnabled":false,"locationContextEnabled":false,"applicationCacheEnabled":false,"browserConnectionEnabled":false,"cssSelectorsEnabled":true,"webStorageEnabled":false,"rotatable":false,"acceptSslCerts":false,"nativeEvents":true,"proxy":{"proxyType":"direct"}}
[INFO  - 2015-05-24T15:46:00.207Z] SessionManagerReqHand - _postNewSessionCommand - New Session Created: f9c49f10-022b-11e5-b350-d75e32c340e2
[ERROR - 2015-05-24T15:46:36.720Z] WebElementLocator - _handleLocateCommand - Element(s) NOT Found: GAVE UP. Search Stop Time: 1432482396696
[INFO  - 2015-05-24T15:46:37.538Z] ShutdownReqHand - _handle - About to shutdown
[INFO  - 2015-05-24T15:49:43.663Z] GhostDriver - Main - running on port 42197
[INFO  - 2015-05-24T15:49:44.443Z] Session [7f6c78e0-022c-11e5-9463-138a81c12b1f] - page.settings - {"XSSAuditingEnabled":false,"javascriptCanCloseWindows":true,"javascriptCanOpenWindows":true,"javascriptEnabled":true,"loadImages":true,"localToRemoteUrlAccessEnabled":false,"userAgent":"Mozilla/5.0 (Windows NT 6.1; WOW64) AppleWebKit/538.1 (KHTML, like Gecko) PhantomJS/2.0.0 Safari/538.1","webSecurityEnabled":false}
[INFO  - 2015-05-24T15:49:44.443Z] Session [7f6c78e0-022c-11e5-9463-138a81c12b1f] - page.customHeaders:  - {}
[INFO  - 2015-05-24T15:49:44.443Z] Session [7f6c78e0-022c-11e5-9463-138a81c12b1f] - Session.negotiatedCapabilities - {"browserName":"phantomjs","version":"2.0.0","driverName":"ghostdriver","driverVersion":"1.2.0","platform":"windows-7-32bit","javascriptEnabled":true,"takesScreenshot":true,"handlesAlerts":false,"databaseEnabled":false,"locationContextEnabled":false,"applicationCacheEnabled":false,"browserConnectionEnabled":false,"cssSelectorsEnabled":true,"webStorageEnabled":false,"rotatable":false,"acceptSslCerts":false,"nativeEvents":true,"proxy":{"proxyType":"direct"}}
[INFO  - 2015-05-24T15:49:44.444Z] SessionManagerReqHand - _postNewSessionCommand - New Session Created: 7f6c78e0-022c-11e5-9463-138a81c12b1f
[INFO  - 2015-05-24T15:49:50.865Z] ShutdownReqHand - _handle - About to shutdown
[INFO  - 2015-05-24T15:55:57.132Z] GhostDriver - Main - running on port 43190
[INFO  - 2015-05-24T15:55:57.929Z] Session [5e0ad420-022d-11e5-860a-b320a0517047] - page.settings - {"XSSAuditingEnabled":false,"javascriptCanCloseWindows":true,"javascriptCanOpenWindows":true,"javascriptEnabled":true,"loadImages":true,"localToRemoteUrlAccessEnabled":true,"userAgent":"Mozilla/5.0 (Windows NT 6.1; WOW64) AppleWebKit/538.1 (KHTML, like Gecko) PhantomJS/2.0.0 Safari/538.1","webSecurityEnabled":false}
[INFO  - 2015-05-24T15:55:57.930Z] Session [5e0ad420-022d-11e5-860a-b320a0517047] - page.customHeaders:  - {}
[INFO  - 2015-05-24T15:55:57.930Z] Session [5e0ad420-022d-11e5-860a-b320a0517047] - Session.negotiatedCapabilities - {"browserName":"phantomjs","version":"2.0.0","driverName":"ghostdriver","driverVersion":"1.2.0","platform":"windows-7-32bit","javascriptEnabled":true,"takesScreenshot":true,"handlesAlerts":false,"databaseEnabled":false,"locationContextEnabled":false,"applicationCacheEnabled":false,"browserConnectionEnabled":false,"cssSelectorsEnabled":true,"webStorageEnabled":false,"rotatable":false,"acceptSslCerts":false,"nativeEvents":true,"proxy":{"proxyType":"direct"},"phantomjs.page.settings.loadImages":true,"phantomjs.page.settings.localToRemoteUrlAccessEnabled":true}
[INFO  - 2015-05-24T15:55:57.930Z] SessionManagerReqHand - _postNewSessionCommand - New Session Created: 5e0ad420-022d-11e5-860a-b320a0517047
[ERROR - 2015-05-24T15:56:34.451Z] WebElementLocator - _handleLocateCommand - Element(s) NOT Found: GAVE UP. Search Stop Time: 1432482994439
[INFO  - 2015-05-24T15:56:34.971Z] ShutdownReqHand - _handle - About to shutdown
[INFO  - 2015-05-24T15:59:44.009Z] GhostDriver - Main - running on port 1838
[INFO  - 2015-05-24T15:59:44.815Z] Session [e5461f30-022d-11e5-9221-5dc455faa8fc] - page.settings - {"XSSAuditingEnabled":false,"javascriptCanCloseWindows":true,"javascriptCanOpenWindows":true,"javascriptEnabled":true,"loadImages":true,"localToRemoteUrlAccessEnabled":true,"userAgent":"Mozilla/5.0 (Windows NT 6.1; WOW64) AppleWebKit/538.1 (KHTML, like Gecko) PhantomJS/2.0.0 Safari/538.1","webSecurityEnabled":false}
[INFO  - 2015-05-24T15:59:44.816Z] Session [e5461f30-022d-11e5-9221-5dc455faa8fc] - page.customHeaders:  - {}
[INFO  - 2015-05-24T15:59:44.816Z] Session [e5461f30-022d-11e5-9221-5dc455faa8fc] - Session.negotiatedCapabilities - {"browserName":"phantomjs","version":"2.0.0","driverName":"ghostdriver","driverVersion":"1.2.0","platform":"windows-7-32bit","javascriptEnabled":true,"takesScreenshot":true,"handlesAlerts":false,"databaseEnabled":false,"locationContextEnabled":false,"applicationCacheEnabled":false,"browserConnectionEnabled":false,"cssSelectorsEnabled":true,"webStorageEnabled":false,"rotatable":false,"acceptSslCerts":false,"nativeEvents":true,"proxy":{"proxyType":"direct"},"phantomjs.page.settings.loadImages":true,"phantomjs.page.settings.localToRemoteUrlAccessEnabled":true}
[INFO  - 2015-05-24T15:59:44.816Z] SessionManagerReqHand - _postNewSessionCommand - New Session Created: e5461f30-022d-11e5-9221-5dc455faa8fc
[INFO  - 2015-05-24T15:59:51.182Z] ShutdownReqHand - _handle - About to shutdown
[INFO  - 2015-05-24T16:39:46.837Z] GhostDriver - Main - running on port 28692
[INFO  - 2015-05-24T16:39:47.609Z] Session [7d733cc0-0233-11e5-aa99-736f12f44246] - page.settings - {"XSSAuditingEnabled":false,"javascriptCanCloseWindows":true,"javascriptCanOpenWindows":true,"javascriptEnabled":true,"loadImages":true,"localToRemoteUrlAccessEnabled":true,"userAgent":"Mozilla/5.0 (Windows NT 6.1; WOW64) AppleWebKit/538.1 (KHTML, like Gecko) PhantomJS/2.0.0 Safari/538.1","webSecurityEnabled":false}
[INFO  - 2015-05-24T16:39:47.609Z] Session [7d733cc0-0233-11e5-aa99-736f12f44246] - page.customHeaders:  - {}
[INFO  - 2015-05-24T16:39:47.610Z] Session [7d733cc0-0233-11e5-aa99-736f12f44246] - Session.negotiatedCapabilities - {"browserName":"phantomjs","version":"2.0.0","driverName":"ghostdriver","driverVersion":"1.2.0","platform":"windows-7-32bit","javascriptEnabled":true,"takesScreenshot":true,"handlesAlerts":false,"databaseEnabled":false,"locationContextEnabled":false,"applicationCacheEnabled":false,"browserConnectionEnabled":false,"cssSelectorsEnabled":true,"webStorageEnabled":false,"rotatable":false,"acceptSslCerts":false,"nativeEvents":true,"proxy":{"proxyType":"direct"},"phantomjs.page.settings.loadImages":true,"phantomjs.page.settings.localToRemoteUrlAccessEnabled":true}
[INFO  - 2015-05-24T16:39:47.610Z] SessionManagerReqHand - _postNewSessionCommand - New Session Created: 7d733cc0-0233-11e5-aa99-736f12f44246
[ERROR - 2015-05-24T16:39:48.268Z] Session [7d733cc0-0233-11e5-aa99-736f12f44246] - page.onError - msg: ReferenceError: Can't find variable: evt_Login_onload
[ERROR - 2015-05-24T16:39:48.269Z] Session [7d733cc0-0233-11e5-aa99-736f12f44246] - page.onError - stack:
  onload (https://login.live.com/login.srf?wa=wsignin1.0&rpsnv=12&ct=1432265954&rver=6.5.6510.0&wp=MBI_SSL&wreply=https%3A%2F%2Fonedrive.live.com%3Fgologin%3D1&lc=1033&id=68692&wlu=1&ru=https%3A%2F%2Fonedrive.live.com%3Fgologin%3D1&mkt=en-US:15)
[ERROR - 2015-05-24T16:40:18.359Z] WebElementLocator - _handleLocateCommand - Element(s) NOT Found: GAVE UP. Search Stop Time: 1432485618357
[INFO  - 2015-05-24T16:40:18.748Z] ShutdownReqHand - _handle - About to shutdown
[INFO  - 2015-05-25T06:08:34.019Z] GhostDriver - Main - running on port 26219
[INFO  - 2015-05-25T06:08:34.693Z] Session [79d989e0-02a4-11e5-a564-25010bced5d0] - page.settings - {"XSSAuditingEnabled":false,"javascriptCanCloseWindows":true,"javascriptCanOpenWindows":true,"javascriptEnabled":true,"loadImages":true,"localToRemoteUrlAccessEnabled":true,"userAgent":"Mozilla/5.0 (Windows NT 6.1; WOW64) AppleWebKit/538.1 (KHTML, like Gecko) PhantomJS/2.0.0 Safari/538.1","webSecurityEnabled":false}
[INFO  - 2015-05-25T06:08:34.694Z] Session [79d989e0-02a4-11e5-a564-25010bced5d0] - page.customHeaders:  - {}
[INFO  - 2015-05-25T06:08:34.695Z] Session [79d989e0-02a4-11e5-a564-25010bced5d0] - Session.negotiatedCapabilities - {"browserName":"phantomjs","version":"2.0.0","driverName":"ghostdriver","driverVersion":"1.2.0","platform":"windows-7-32bit","javascriptEnabled":true,"takesScreenshot":true,"handlesAlerts":false,"databaseEnabled":false,"locationContextEnabled":false,"applicationCacheEnabled":false,"browserConnectionEnabled":false,"cssSelectorsEnabled":true,"webStorageEnabled":false,"rotatable":false,"acceptSslCerts":false,"nativeEvents":true,"proxy":{"proxyType":"direct"},"phantomjs.page.settings.loadImages":true,"phantomjs.page.settings.localToRemoteUrlAccessEnabled":true}
[INFO  - 2015-05-25T06:08:34.695Z] SessionManagerReqHand - _postNewSessionCommand - New Session Created: 79d989e0-02a4-11e5-a564-25010bced5d0
[INFO  - 2015-05-25T06:08:35.630Z] ShutdownReqHand - _handle - About to shutdown
[INFO  - 2015-05-25T06:17:09.338Z] GhostDriver - Main - running on port 32182
[INFO  - 2015-05-25T06:17:10.048Z] Session [ad058e30-02a5-11e5-9a47-b563aa43d1f3] - page.settings - {"XSSAuditingEnabled":false,"javascriptCanCloseWindows":true,"javascriptCanOpenWindows":true,"javascriptEnabled":true,"loadImages":true,"localToRemoteUrlAccessEnabled":true,"userAgent":"Mozilla/5.0 (Windows NT 6.1; WOW64) AppleWebKit/538.1 (KHTML, like Gecko) PhantomJS/2.0.0 Safari/538.1","webSecurityEnabled":false}
[INFO  - 2015-05-25T06:17:10.048Z] Session [ad058e30-02a5-11e5-9a47-b563aa43d1f3] - page.customHeaders:  - {}
[INFO  - 2015-05-25T06:17:10.049Z] Session [ad058e30-02a5-11e5-9a47-b563aa43d1f3] - Session.negotiatedCapabilities - {"browserName":"phantomjs","version":"2.0.0","driverName":"ghostdriver","driverVersion":"1.2.0","platform":"windows-7-32bit","javascriptEnabled":true,"takesScreenshot":true,"handlesAlerts":false,"databaseEnabled":false,"locationContextEnabled":false,"applicationCacheEnabled":false,"browserConnectionEnabled":false,"cssSelectorsEnabled":true,"webStorageEnabled":false,"rotatable":false,"acceptSslCerts":false,"nativeEvents":true,"proxy":{"proxyType":"direct"},"phantomjs.page.settings.loadImages":true,"phantomjs.page.settings.localToRemoteUrlAccessEnabled":true}
[INFO  - 2015-05-25T06:17:10.049Z] SessionManagerReqHand - _postNewSessionCommand - New Session Created: ad058e30-02a5-11e5-9a47-b563aa43d1f3
[INFO  - 2015-05-25T06:17:10.710Z] ShutdownReqHand - _handle - About to shutdown
[INFO  - 2015-05-25T06:23:03.983Z] GhostDriver - Main - running on port 13910
[INFO  - 2015-05-25T06:23:04.760Z] Session [80724fb0-02a6-11e5-bd62-854e9bf34de4] - page.settings - {"XSSAuditingEnabled":false,"javascriptCanCloseWindows":true,"javascriptCanOpenWindows":true,"javascriptEnabled":true,"loadImages":true,"localToRemoteUrlAccessEnabled":true,"userAgent":"Mozilla/5.0 (Windows NT 6.1; WOW64) AppleWebKit/538.1 (KHTML, like Gecko) PhantomJS/2.0.0 Safari/538.1","webSecurityEnabled":false}
[INFO  - 2015-05-25T06:23:04.761Z] Session [80724fb0-02a6-11e5-bd62-854e9bf34de4] - page.customHeaders:  - {}
[INFO  - 2015-05-25T06:23:04.761Z] Session [80724fb0-02a6-11e5-bd62-854e9bf34de4] - Session.negotiatedCapabilities - {"browserName":"phantomjs","version":"2.0.0","driverName":"ghostdriver","driverVersion":"1.2.0","platform":"windows-7-32bit","javascriptEnabled":true,"takesScreenshot":true,"handlesAlerts":false,"databaseEnabled":false,"locationContextEnabled":false,"applicationCacheEnabled":false,"browserConnectionEnabled":false,"cssSelectorsEnabled":true,"webStorageEnabled":false,"rotatable":false,"acceptSslCerts":false,"nativeEvents":true,"proxy":{"proxyType":"direct"},"phantomjs.page.settings.loadImages":true,"phantomjs.page.settings.localToRemoteUrlAccessEnabled":true}
[INFO  - 2015-05-25T06:23:04.761Z] SessionManagerReqHand - _postNewSessionCommand - New Session Created: 80724fb0-02a6-11e5-bd62-854e9bf34de4
[INFO  - 2015-05-25T06:23:05.478Z] ShutdownReqHand - _handle - About to shutdown
[INFO  - 2015-05-25T06:27:23.774Z] GhostDriver - Main - running on port 42254
[INFO  - 2015-05-25T06:27:24.587Z] Session [1b509cd0-02a7-11e5-9f7f-e5a2ab9782d4] - page.settings - {"XSSAuditingEnabled":false,"javascriptCanCloseWindows":true,"javascriptCanOpenWindows":true,"javascriptEnabled":true,"loadImages":true,"localToRemoteUrlAccessEnabled":true,"userAgent":"Mozilla/5.0 (Windows NT 6.1; WOW64) AppleWebKit/538.1 (KHTML, like Gecko) PhantomJS/2.0.0 Safari/538.1","webSecurityEnabled":false}
[INFO  - 2015-05-25T06:27:24.587Z] Session [1b509cd0-02a7-11e5-9f7f-e5a2ab9782d4] - page.customHeaders:  - {}
[INFO  - 2015-05-25T06:27:24.587Z] Session [1b509cd0-02a7-11e5-9f7f-e5a2ab9782d4] - Session.negotiatedCapabilities - {"browserName":"phantomjs","version":"2.0.0","driverName":"ghostdriver","driverVersion":"1.2.0","platform":"windows-7-32bit","javascriptEnabled":true,"takesScreenshot":true,"handlesAlerts":false,"databaseEnabled":false,"locationContextEnabled":false,"applicationCacheEnabled":false,"browserConnectionEnabled":false,"cssSelectorsEnabled":true,"webStorageEnabled":false,"rotatable":false,"acceptSslCerts":false,"nativeEvents":true,"proxy":{"proxyType":"direct"},"phantomjs.page.settings.loadImages":true,"phantomjs.page.settings.localToRemoteUrlAccessEnabled":true}
[INFO  - 2015-05-25T06:27:24.588Z] SessionManagerReqHand - _postNewSessionCommand - New Session Created: 1b509cd0-02a7-11e5-9f7f-e5a2ab9782d4
[ERROR - 2015-05-25T06:27:56.065Z] WebElementLocator - _handleLocateCommand - Element(s) NOT Found: GAVE UP. Search Stop Time: 1432535276040
[INFO  - 2015-05-25T06:27:57.187Z] ShutdownReqHand - _handle - About to shutdown
[INFO  - 2015-05-25T14:28:18.206Z] GhostDriver - Main - running on port 48643
[INFO  - 2015-05-25T14:28:18.517Z] Session [4999fee0-02ea-11e5-be48-a7e40f0be379] - page.settings - {"XSSAuditingEnabled":false,"javascriptCanCloseWindows":true,"javascriptCanOpenWindows":true,"javascriptEnabled":true,"loadImages":true,"localToRemoteUrlAccessEnabled":true,"userAgent":"Mozilla/5.0 (Windows NT 6.1; WOW64) AppleWebKit/538.1 (KHTML, like Gecko) PhantomJS/2.0.0 Safari/538.1","webSecurityEnabled":false}
[INFO  - 2015-05-25T14:28:18.518Z] Session [4999fee0-02ea-11e5-be48-a7e40f0be379] - page.customHeaders:  - {}
[INFO  - 2015-05-25T14:28:18.518Z] Session [4999fee0-02ea-11e5-be48-a7e40f0be379] - Session.negotiatedCapabilities - {"browserName":"phantomjs","version":"2.0.0","driverName":"ghostdriver","driverVersion":"1.2.0","platform":"windows-7-32bit","javascriptEnabled":true,"takesScreenshot":true,"handlesAlerts":false,"databaseEnabled":false,"locationContextEnabled":false,"applicationCacheEnabled":false,"browserConnectionEnabled":false,"cssSelectorsEnabled":true,"webStorageEnabled":false,"rotatable":false,"acceptSslCerts":false,"nativeEvents":true,"proxy":{"proxyType":"direct"},"phantomjs.page.settings.loadImages":true,"phantomjs.page.settings.localToRemoteUrlAccessEnabled":true}
[INFO  - 2015-05-25T14:28:18.518Z] SessionManagerReqHand - _postNewSessionCommand - New Session Created: 4999fee0-02ea-11e5-be48-a7e40f0be379
[ERROR - 2015-05-25T14:28:50.188Z] WebElementLocator - _handleLocateCommand - Element(s) NOT Found: GAVE UP. Search Stop Time: 1432564130167
[INFO  - 2015-05-25T14:28:50.812Z] ShutdownReqHand - _handle - About to shutdown
[INFO  - 2015-05-25T14:30:25.942Z] GhostDriver - Main - running on port 1640
[INFO  - 2015-05-25T14:30:26.722Z] Session [960486b0-02ea-11e5-9354-3bec2431f9ca] - page.settings - {"XSSAuditingEnabled":false,"javascriptCanCloseWindows":true,"javascriptCanOpenWindows":true,"javascriptEnabled":true,"loadImages":true,"localToRemoteUrlAccessEnabled":true,"userAgent":"Mozilla/5.0 (Windows NT 6.1; WOW64) AppleWebKit/538.1 (KHTML, like Gecko) PhantomJS/2.0.0 Safari/538.1","webSecurityEnabled":false}
[INFO  - 2015-05-25T14:30:26.723Z] Session [960486b0-02ea-11e5-9354-3bec2431f9ca] - page.customHeaders:  - {}
[INFO  - 2015-05-25T14:30:26.723Z] Session [960486b0-02ea-11e5-9354-3bec2431f9ca] - Session.negotiatedCapabilities - {"browserName":"phantomjs","version":"2.0.0","driverName":"ghostdriver","driverVersion":"1.2.0","platform":"windows-7-32bit","javascriptEnabled":true,"takesScreenshot":true,"handlesAlerts":false,"databaseEnabled":false,"locationContextEnabled":false,"applicationCacheEnabled":false,"browserConnectionEnabled":false,"cssSelectorsEnabled":true,"webStorageEnabled":false,"rotatable":false,"acceptSslCerts":false,"nativeEvents":true,"proxy":{"proxyType":"direct"},"phantomjs.page.settings.loadImages":true,"phantomjs.page.settings.localToRemoteUrlAccessEnabled":true}
[INFO  - 2015-05-25T14:30:26.723Z] SessionManagerReqHand - _postNewSessionCommand - New Session Created: 960486b0-02ea-11e5-9354-3bec2431f9ca
[ERROR - 2015-05-25T14:30:57.883Z] WebElementLocator - _handleLocateCommand - Element(s) NOT Found: GAVE UP. Search Stop Time: 1432564257845
[INFO  - 2015-05-25T14:30:58.481Z] ShutdownReqHand - _handle - About to shutdown
[INFO  - 2015-05-25T14:33:13.355Z] GhostDriver - Main - running on port 15174
[INFO  - 2015-05-25T14:33:14.150Z] Session [f9d002f0-02ea-11e5-a4d5-5118f46dd2ae] - page.settings - {"XSSAuditingEnabled":false,"javascriptCanCloseWindows":true,"javascriptCanOpenWindows":true,"javascriptEnabled":true,"loadImages":true,"localToRemoteUrlAccessEnabled":true,"userAgent":"Mozilla/5.0 (Windows NT 6.1; WOW64) AppleWebKit/538.1 (KHTML, like Gecko) PhantomJS/2.0.0 Safari/538.1","webSecurityEnabled":false}
[INFO  - 2015-05-25T14:33:14.150Z] Session [f9d002f0-02ea-11e5-a4d5-5118f46dd2ae] - page.customHeaders:  - {}
[INFO  - 2015-05-25T14:33:14.150Z] Session [f9d002f0-02ea-11e5-a4d5-5118f46dd2ae] - Session.negotiatedCapabilities - {"browserName":"phantomjs","version":"2.0.0","driverName":"ghostdriver","driverVersion":"1.2.0","platform":"windows-7-32bit","javascriptEnabled":true,"takesScreenshot":true,"handlesAlerts":false,"databaseEnabled":false,"locationContextEnabled":false,"applicationCacheEnabled":false,"browserConnectionEnabled":false,"cssSelectorsEnabled":true,"webStorageEnabled":false,"rotatable":false,"acceptSslCerts":false,"nativeEvents":true,"proxy":{"proxyType":"direct"},"phantomjs.page.settings.loadImages":true,"phantomjs.page.settings.localToRemoteUrlAccessEnabled":true}
[INFO  - 2015-05-25T14:33:14.150Z] SessionManagerReqHand - _postNewSessionCommand - New Session Created: f9d002f0-02ea-11e5-a4d5-5118f46dd2ae
[ERROR - 2015-05-25T14:33:45.467Z] WebElementLocator - _handleLocateCommand - Element(s) NOT Found: GAVE UP. Search Stop Time: 1432564425450
[INFO  - 2015-05-25T14:33:46.017Z] ShutdownReqHand - _handle - About to shutdown
[INFO  - 2015-05-25T16:26:01.453Z] GhostDriver - Main - running on port 37468
[INFO  - 2015-05-25T16:26:02.397Z] Session [bc00b270-02fa-11e5-ad1b-f34b4214184b] - page.settings - {"XSSAuditingEnabled":false,"javascriptCanCloseWindows":true,"javascriptCanOpenWindows":true,"javascriptEnabled":true,"loadImages":true,"localToRemoteUrlAccessEnabled":true,"userAgent":"Mozilla/5.0 (Windows NT 6.2; WOW64) AppleWebKit/538.1 (KHTML, like Gecko) PhantomJS/2.0.0 Safari/538.1","webSecurityEnabled":false}
[INFO  - 2015-05-25T16:26:02.397Z] Session [bc00b270-02fa-11e5-ad1b-f34b4214184b] - page.customHeaders:  - {}
[INFO  - 2015-05-25T16:26:02.397Z] Session [bc00b270-02fa-11e5-ad1b-f34b4214184b] - Session.negotiatedCapabilities - {"browserName":"phantomjs","version":"2.0.0","driverName":"ghostdriver","driverVersion":"1.2.0","platform":"windows-unknown-32bit","javascriptEnabled":true,"takesScreenshot":true,"handlesAlerts":false,"databaseEnabled":false,"locationContextEnabled":false,"applicationCacheEnabled":false,"browserConnectionEnabled":false,"cssSelectorsEnabled":true,"webStorageEnabled":false,"rotatable":false,"acceptSslCerts":false,"nativeEvents":true,"proxy":{"proxyType":"direct"},"phantomjs.page.settings.loadImages":true,"phantomjs.page.settings.localToRemoteUrlAccessEnabled":true}
[INFO  - 2015-05-25T16:26:02.398Z] SessionManagerReqHand - _postNewSessionCommand - New Session Created: bc00b270-02fa-11e5-ad1b-f34b4214184b
[ERROR - 2015-05-25T16:26:34.313Z] WebElementLocator - _handleLocateCommand - Element(s) NOT Found: GAVE UP. Search Stop Time: 1432571194258
[INFO  - 2015-05-25T16:26:34.735Z] ShutdownReqHand - _handle - About to shutdown
[INFO  - 2015-05-25T16:29:52.053Z] GhostDriver - Main - running on port 10880
[INFO  - 2015-05-25T16:29:53.096Z] Session [45826b10-02fb-11e5-a8ec-79f907053f1d] - page.settings - {"XSSAuditingEnabled":false,"javascriptCanCloseWindows":true,"javascriptCanOpenWindows":true,"javascriptEnabled":true,"loadImages":true,"localToRemoteUrlAccessEnabled":true,"userAgent":"Mozilla/5.0 (Windows NT 6.2; WOW64) AppleWebKit/538.1 (KHTML, like Gecko) PhantomJS/2.0.0 Safari/538.1","webSecurityEnabled":false}
[INFO  - 2015-05-25T16:29:53.096Z] Session [45826b10-02fb-11e5-a8ec-79f907053f1d] - page.customHeaders:  - {}
[INFO  - 2015-05-25T16:29:53.096Z] Session [45826b10-02fb-11e5-a8ec-79f907053f1d] - Session.negotiatedCapabilities - {"browserName":"phantomjs","version":"2.0.0","driverName":"ghostdriver","driverVersion":"1.2.0","platform":"windows-unknown-32bit","javascriptEnabled":true,"takesScreenshot":true,"handlesAlerts":false,"databaseEnabled":false,"locationContextEnabled":false,"applicationCacheEnabled":false,"browserConnectionEnabled":false,"cssSelectorsEnabled":true,"webStorageEnabled":false,"rotatable":false,"acceptSslCerts":false,"nativeEvents":true,"proxy":{"proxyType":"direct"},"phantomjs.page.settings.loadImages":true,"phantomjs.page.settings.localToRemoteUrlAccessEnabled":true}
[INFO  - 2015-05-25T16:29:53.096Z] SessionManagerReqHand - _postNewSessionCommand - New Session Created: 45826b10-02fb-11e5-a8ec-79f907053f1d
[ERROR - 2015-05-25T16:30:24.799Z] WebElementLocator - _handleLocateCommand - Element(s) NOT Found: GAVE UP. Search Stop Time: 1432571424733
[INFO  - 2015-05-25T16:30:25.186Z] ShutdownReqHand - _handle - About to shutdown
[INFO  - 2015-05-27T11:49:10.127Z] GhostDriver - Main - running on port 12698
[INFO  - 2015-05-27T11:49:11.157Z] Session [63c02420-0466-11e5-b107-fb1aedd7c415] - page.settings - {"XSSAuditingEnabled":false,"javascriptCanCloseWindows":true,"javascriptCanOpenWindows":true,"javascriptEnabled":true,"loadImages":true,"localToRemoteUrlAccessEnabled":true,"userAgent":"Mozilla/5.0 (Windows NT 6.2; WOW64) AppleWebKit/538.1 (KHTML, like Gecko) PhantomJS/2.0.0 Safari/538.1","webSecurityEnabled":false}
[INFO  - 2015-05-27T11:49:11.157Z] Session [63c02420-0466-11e5-b107-fb1aedd7c415] - page.customHeaders:  - {}
[INFO  - 2015-05-27T11:49:11.157Z] Session [63c02420-0466-11e5-b107-fb1aedd7c415] - Session.negotiatedCapabilities - {"browserName":"phantomjs","version":"2.0.0","driverName":"ghostdriver","driverVersion":"1.2.0","platform":"windows-unknown-32bit","javascriptEnabled":true,"takesScreenshot":true,"handlesAlerts":false,"databaseEnabled":false,"locationContextEnabled":false,"applicationCacheEnabled":false,"browserConnectionEnabled":false,"cssSelectorsEnabled":true,"webStorageEnabled":false,"rotatable":false,"acceptSslCerts":false,"nativeEvents":true,"proxy":{"proxyType":"direct"},"phantomjs.page.settings.loadImages":true,"phantomjs.page.settings.localToRemoteUrlAccessEnabled":true}
[INFO  - 2015-05-27T11:49:11.158Z] SessionManagerReqHand - _postNewSessionCommand - New Session Created: 63c02420-0466-11e5-b107-fb1aedd7c415
[INFO  - 2015-05-27T11:49:15.641Z] ShutdownReqHand - _handle - About to shutdown
[INFO  - 2015-05-27T15:55:27.293Z] GhostDriver - Main - running on port 18122
[INFO  - 2015-05-27T15:55:27.757Z] Session [cb4c8080-0488-11e5-b2be-8b7634518c3e] - page.settings - {"XSSAuditingEnabled":false,"javascriptCanCloseWindows":true,"javascriptCanOpenWindows":true,"javascriptEnabled":true,"loadImages":true,"localToRemoteUrlAccessEnabled":true,"userAgent":"Mozilla/5.0 (Windows NT 6.2; WOW64) AppleWebKit/538.1 (KHTML, like Gecko) PhantomJS/2.0.0 Safari/538.1","webSecurityEnabled":false}
[INFO  - 2015-05-27T15:55:27.757Z] Session [cb4c8080-0488-11e5-b2be-8b7634518c3e] - page.customHeaders:  - {}
[INFO  - 2015-05-27T15:55:27.757Z] Session [cb4c8080-0488-11e5-b2be-8b7634518c3e] - Session.negotiatedCapabilities - {"browserName":"phantomjs","version":"2.0.0","driverName":"ghostdriver","driverVersion":"1.2.0","platform":"windows-unknown-32bit","javascriptEnabled":true,"takesScreenshot":true,"handlesAlerts":false,"databaseEnabled":false,"locationContextEnabled":false,"applicationCacheEnabled":false,"browserConnectionEnabled":false,"cssSelectorsEnabled":true,"webStorageEnabled":false,"rotatable":false,"acceptSslCerts":false,"nativeEvents":true,"proxy":{"proxyType":"direct"},"phantomjs.page.settings.loadImages":true,"phantomjs.page.settings.localToRemoteUrlAccessEnabled":true}
[INFO  - 2015-05-27T15:55:27.758Z] SessionManagerReqHand - _postNewSessionCommand - New Session Created: cb4c8080-0488-11e5-b2be-8b7634518c3e
[INFO  - 2015-05-27T15:55:29.927Z] ShutdownReqHand - _handle - About to shutdown
[INFO  - 2015-05-28T05:48:18.724Z] GhostDriver - Main - running on port 10748
[INFO  - 2015-05-28T05:48:19.022Z] Session [247e4480-04fd-11e5-a17c-0576a6ce6fd4] - page.settings - {"XSSAuditingEnabled":false,"javascriptCanCloseWindows":true,"javascriptCanOpenWindows":true,"javascriptEnabled":true,"loadImages":true,"localToRemoteUrlAccessEnabled":true,"userAgent":"Mozilla/5.0 (Windows NT 6.2; WOW64) AppleWebKit/538.1 (KHTML, like Gecko) PhantomJS/2.0.0 Safari/538.1","webSecurityEnabled":false}
[INFO  - 2015-05-28T05:48:19.022Z] Session [247e4480-04fd-11e5-a17c-0576a6ce6fd4] - page.customHeaders:  - {}
[INFO  - 2015-05-28T05:48:19.022Z] Session [247e4480-04fd-11e5-a17c-0576a6ce6fd4] - Session.negotiatedCapabilities - {"browserName":"phantomjs","version":"2.0.0","driverName":"ghostdriver","driverVersion":"1.2.0","platform":"windows-unknown-32bit","javascriptEnabled":true,"takesScreenshot":true,"handlesAlerts":false,"databaseEnabled":false,"locationContextEnabled":false,"applicationCacheEnabled":false,"browserConnectionEnabled":false,"cssSelectorsEnabled":true,"webStorageEnabled":false,"rotatable":false,"acceptSslCerts":false,"nativeEvents":true,"proxy":{"proxyType":"direct"},"phantomjs.page.settings.loadImages":true,"phantomjs.page.settings.localToRemoteUrlAccessEnabled":true}
[INFO  - 2015-05-28T05:48:19.022Z] SessionManagerReqHand - _postNewSessionCommand - New Session Created: 247e4480-04fd-11e5-a17c-0576a6ce6fd4
[INFO  - 2015-05-28T05:48:35.150Z] ShutdownReqHand - _handle - About to shutdown
[INFO  - 2015-05-28T05:49:03.465Z] GhostDriver - Main - running on port 29325
[INFO  - 2015-05-28T05:49:04.410Z] Session [3f8bed40-04fd-11e5-ba6e-ed33889e29c9] - page.settings - {"XSSAuditingEnabled":false,"javascriptCanCloseWindows":true,"javascriptCanOpenWindows":true,"javascriptEnabled":true,"loadImages":true,"localToRemoteUrlAccessEnabled":true,"userAgent":"Mozilla/5.0 (Windows NT 6.2; WOW64) AppleWebKit/538.1 (KHTML, like Gecko) PhantomJS/2.0.0 Safari/538.1","webSecurityEnabled":false}
[INFO  - 2015-05-28T05:49:04.410Z] Session [3f8bed40-04fd-11e5-ba6e-ed33889e29c9] - page.customHeaders:  - {}
[INFO  - 2015-05-28T05:49:04.410Z] Session [3f8bed40-04fd-11e5-ba6e-ed33889e29c9] - Session.negotiatedCapabilities - {"browserName":"phantomjs","version":"2.0.0","driverName":"ghostdriver","driverVersion":"1.2.0","platform":"windows-unknown-32bit","javascriptEnabled":true,"takesScreenshot":true,"handlesAlerts":false,"databaseEnabled":false,"locationContextEnabled":false,"applicationCacheEnabled":false,"browserConnectionEnabled":false,"cssSelectorsEnabled":true,"webStorageEnabled":false,"rotatable":false,"acceptSslCerts":false,"nativeEvents":true,"proxy":{"proxyType":"direct"},"phantomjs.page.settings.loadImages":true,"phantomjs.page.settings.localToRemoteUrlAccessEnabled":true}
[INFO  - 2015-05-28T05:49:04.411Z] SessionManagerReqHand - _postNewSessionCommand - New Session Created: 3f8bed40-04fd-11e5-ba6e-ed33889e29c9
[INFO  - 2015-05-28T05:49:20.864Z] ShutdownReqHand - _handle - About to shutdown
[INFO  - 2015-05-28T05:49:54.587Z] GhostDriver - Main - running on port 37949
[INFO  - 2015-05-28T05:49:55.548Z] Session [5e06f760-04fd-11e5-8c7e-c1c5c8773b87] - page.settings - {"XSSAuditingEnabled":false,"javascriptCanCloseWindows":true,"javascriptCanOpenWindows":true,"javascriptEnabled":true,"loadImages":true,"localToRemoteUrlAccessEnabled":true,"userAgent":"Mozilla/5.0 (Windows NT 6.2; WOW64) AppleWebKit/538.1 (KHTML, like Gecko) PhantomJS/2.0.0 Safari/538.1","webSecurityEnabled":false}
[INFO  - 2015-05-28T05:49:55.548Z] Session [5e06f760-04fd-11e5-8c7e-c1c5c8773b87] - page.customHeaders:  - {}
[INFO  - 2015-05-28T05:49:55.549Z] Session [5e06f760-04fd-11e5-8c7e-c1c5c8773b87] - Session.negotiatedCapabilities - {"browserName":"phantomjs","version":"2.0.0","driverName":"ghostdriver","driverVersion":"1.2.0","platform":"windows-unknown-32bit","javascriptEnabled":true,"takesScreenshot":true,"handlesAlerts":false,"databaseEnabled":false,"locationContextEnabled":false,"applicationCacheEnabled":false,"browserConnectionEnabled":false,"cssSelectorsEnabled":true,"webStorageEnabled":false,"rotatable":false,"acceptSslCerts":false,"nativeEvents":true,"proxy":{"proxyType":"direct"},"phantomjs.page.settings.loadImages":true,"phantomjs.page.settings.localToRemoteUrlAccessEnabled":true}
[INFO  - 2015-05-28T05:49:55.549Z] SessionManagerReqHand - _postNewSessionCommand - New Session Created: 5e06f760-04fd-11e5-8c7e-c1c5c8773b87
[INFO  - 2015-05-28T05:50:03.344Z] ShutdownReqHand - _handle - About to shutdown
[INFO  - 2015-05-28T05:57:25.623Z] GhostDriver - Main - running on port 19844
[INFO  - 2015-05-28T05:57:26.566Z] Session [6adada00-04fe-11e5-a7b3-91fbcc598c31] - page.settings - {"XSSAuditingEnabled":false,"javascriptCanCloseWindows":true,"javascriptCanOpenWindows":true,"javascriptEnabled":true,"loadImages":true,"localToRemoteUrlAccessEnabled":true,"userAgent":"Mozilla/5.0 (Windows NT 6.2; WOW64) AppleWebKit/538.1 (KHTML, like Gecko) PhantomJS/2.0.0 Safari/538.1","webSecurityEnabled":false}
[INFO  - 2015-05-28T05:57:26.566Z] Session [6adada00-04fe-11e5-a7b3-91fbcc598c31] - page.customHeaders:  - {}
[INFO  - 2015-05-28T05:57:26.566Z] Session [6adada00-04fe-11e5-a7b3-91fbcc598c31] - Session.negotiatedCapabilities - {"browserName":"phantomjs","version":"2.0.0","driverName":"ghostdriver","driverVersion":"1.2.0","platform":"windows-unknown-32bit","javascriptEnabled":true,"takesScreenshot":true,"handlesAlerts":false,"databaseEnabled":false,"locationContextEnabled":false,"applicationCacheEnabled":false,"browserConnectionEnabled":false,"cssSelectorsEnabled":true,"webStorageEnabled":false,"rotatable":false,"acceptSslCerts":false,"nativeEvents":true,"proxy":{"proxyType":"direct"},"phantomjs.page.settings.loadImages":true,"phantomjs.page.settings.localToRemoteUrlAccessEnabled":true}
[INFO  - 2015-05-28T05:57:26.566Z] SessionManagerReqHand - _postNewSessionCommand - New Session Created: 6adada00-04fe-11e5-a7b3-91fbcc598c31
[INFO  - 2015-05-28T05:58:49.075Z] ShutdownReqHand - _handle - About to shutdown
[INFO  - 2015-05-28T05:59:54.278Z] GhostDriver - Main - running on port 35891
[INFO  - 2015-05-28T05:59:55.227Z] Session [c376b850-04fe-11e5-ab74-39fc38b5c6a4] - page.settings - {"XSSAuditingEnabled":false,"javascriptCanCloseWindows":true,"javascriptCanOpenWindows":true,"javascriptEnabled":true,"loadImages":true,"localToRemoteUrlAccessEnabled":true,"userAgent":"Mozilla/5.0 (Windows NT 6.2; WOW64) AppleWebKit/538.1 (KHTML, like Gecko) PhantomJS/2.0.0 Safari/538.1","webSecurityEnabled":false}
[INFO  - 2015-05-28T05:59:55.227Z] Session [c376b850-04fe-11e5-ab74-39fc38b5c6a4] - page.customHeaders:  - {}
[INFO  - 2015-05-28T05:59:55.228Z] Session [c376b850-04fe-11e5-ab74-39fc38b5c6a4] - Session.negotiatedCapabilities - {"browserName":"phantomjs","version":"2.0.0","driverName":"ghostdriver","driverVersion":"1.2.0","platform":"windows-unknown-32bit","javascriptEnabled":true,"takesScreenshot":true,"handlesAlerts":false,"databaseEnabled":false,"locationContextEnabled":false,"applicationCacheEnabled":false,"browserConnectionEnabled":false,"cssSelectorsEnabled":true,"webStorageEnabled":false,"rotatable":false,"acceptSslCerts":false,"nativeEvents":true,"proxy":{"proxyType":"direct"},"phantomjs.page.settings.loadImages":true,"phantomjs.page.settings.localToRemoteUrlAccessEnabled":true}
[INFO  - 2015-05-28T05:59:55.228Z] SessionManagerReqHand - _postNewSessionCommand - New Session Created: c376b850-04fe-11e5-ab74-39fc38b5c6a4
[INFO  - 2015-05-28T06:00:33.275Z] ShutdownReqHand - _handle - About to shutdown
[INFO  - 2015-05-28T06:04:27.310Z] GhostDriver - Main - running on port 21938
[INFO  - 2015-05-28T06:04:28.273Z] Session [66363bb0-04ff-11e5-82d9-b7d28941e274] - page.settings - {"XSSAuditingEnabled":false,"javascriptCanCloseWindows":true,"javascriptCanOpenWindows":true,"javascriptEnabled":true,"loadImages":true,"localToRemoteUrlAccessEnabled":true,"userAgent":"Mozilla/5.0 (Windows NT 6.2; WOW64) AppleWebKit/538.1 (KHTML, like Gecko) PhantomJS/2.0.0 Safari/538.1","webSecurityEnabled":false}
[INFO  - 2015-05-28T06:04:28.274Z] Session [66363bb0-04ff-11e5-82d9-b7d28941e274] - page.customHeaders:  - {}
[INFO  - 2015-05-28T06:04:28.274Z] Session [66363bb0-04ff-11e5-82d9-b7d28941e274] - Session.negotiatedCapabilities - {"browserName":"phantomjs","version":"2.0.0","driverName":"ghostdriver","driverVersion":"1.2.0","platform":"windows-unknown-32bit","javascriptEnabled":true,"takesScreenshot":true,"handlesAlerts":false,"databaseEnabled":false,"locationContextEnabled":false,"applicationCacheEnabled":false,"browserConnectionEnabled":false,"cssSelectorsEnabled":true,"webStorageEnabled":false,"rotatable":false,"acceptSslCerts":false,"nativeEvents":true,"proxy":{"proxyType":"direct"},"phantomjs.page.settings.loadImages":true,"phantomjs.page.settings.localToRemoteUrlAccessEnabled":true}
[INFO  - 2015-05-28T06:04:28.274Z] SessionManagerReqHand - _postNewSessionCommand - New Session Created: 66363bb0-04ff-11e5-82d9-b7d28941e274
[INFO  - 2015-05-28T06:05:09.308Z] ShutdownReqHand - _handle - About to shutdown
[INFO  - 2015-05-28T06:06:29.963Z] GhostDriver - Main - running on port 10705
[INFO  - 2015-05-28T06:06:30.930Z] Session [af520db0-04ff-11e5-9831-b91e5ae6d78c] - page.settings - {"XSSAuditingEnabled":false,"javascriptCanCloseWindows":true,"javascriptCanOpenWindows":true,"javascriptEnabled":true,"loadImages":true,"localToRemoteUrlAccessEnabled":true,"userAgent":"Mozilla/5.0 (Windows NT 6.2; WOW64) AppleWebKit/538.1 (KHTML, like Gecko) PhantomJS/2.0.0 Safari/538.1","webSecurityEnabled":false}
[INFO  - 2015-05-28T06:06:30.930Z] Session [af520db0-04ff-11e5-9831-b91e5ae6d78c] - page.customHeaders:  - {}
[INFO  - 2015-05-28T06:06:30.930Z] Session [af520db0-04ff-11e5-9831-b91e5ae6d78c] - Session.negotiatedCapabilities - {"browserName":"phantomjs","version":"2.0.0","driverName":"ghostdriver","driverVersion":"1.2.0","platform":"windows-unknown-32bit","javascriptEnabled":true,"takesScreenshot":true,"handlesAlerts":false,"databaseEnabled":false,"locationContextEnabled":false,"applicationCacheEnabled":false,"browserConnectionEnabled":false,"cssSelectorsEnabled":true,"webStorageEnabled":false,"rotatable":false,"acceptSslCerts":false,"nativeEvents":true,"proxy":{"proxyType":"direct"},"phantomjs.page.settings.loadImages":true,"phantomjs.page.settings.localToRemoteUrlAccessEnabled":true}
[INFO  - 2015-05-28T06:06:30.930Z] SessionManagerReqHand - _postNewSessionCommand - New Session Created: af520db0-04ff-11e5-9831-b91e5ae6d78c
[INFO  - 2015-05-28T06:07:48.155Z] ShutdownReqHand - _handle - About to shutdown
[INFO  - 2015-05-28T06:10:15.818Z] GhostDriver - Main - running on port 17793
[INFO  - 2015-05-28T06:10:16.782Z] Session [35f07c80-0500-11e5-98ca-65947310739c] - page.settings - {"XSSAuditingEnabled":false,"javascriptCanCloseWindows":true,"javascriptCanOpenWindows":true,"javascriptEnabled":true,"loadImages":true,"localToRemoteUrlAccessEnabled":true,"userAgent":"Mozilla/5.0 (Windows NT 6.2; WOW64) AppleWebKit/538.1 (KHTML, like Gecko) PhantomJS/2.0.0 Safari/538.1","webSecurityEnabled":false}
[INFO  - 2015-05-28T06:10:16.782Z] Session [35f07c80-0500-11e5-98ca-65947310739c] - page.customHeaders:  - {}
[INFO  - 2015-05-28T06:10:16.782Z] Session [35f07c80-0500-11e5-98ca-65947310739c] - Session.negotiatedCapabilities - {"browserName":"phantomjs","version":"2.0.0","driverName":"ghostdriver","driverVersion":"1.2.0","platform":"windows-unknown-32bit","javascriptEnabled":true,"takesScreenshot":true,"handlesAlerts":false,"databaseEnabled":false,"locationContextEnabled":false,"applicationCacheEnabled":false,"browserConnectionEnabled":false,"cssSelectorsEnabled":true,"webStorageEnabled":false,"rotatable":false,"acceptSslCerts":false,"nativeEvents":true,"proxy":{"proxyType":"direct"},"phantomjs.page.settings.loadImages":true,"phantomjs.page.settings.localToRemoteUrlAccessEnabled":true}
[INFO  - 2015-05-28T06:10:16.783Z] SessionManagerReqHand - _postNewSessionCommand - New Session Created: 35f07c80-0500-11e5-98ca-65947310739c
[INFO  - 2015-05-28T06:11:32.453Z] ShutdownReqHand - _handle - About to shutdown
[INFO  - 2015-05-28T17:50:53.167Z] GhostDriver - Main - running on port 11784
[INFO  - 2015-05-28T17:50:53.920Z] Session [1606b3a0-0562-11e5-bc09-4f2f8116fefd] - page.settings - {"XSSAuditingEnabled":false,"javascriptCanCloseWindows":true,"javascriptCanOpenWindows":true,"javascriptEnabled":true,"loadImages":true,"localToRemoteUrlAccessEnabled":true,"userAgent":"Mozilla/5.0 (Windows NT 6.2; WOW64) AppleWebKit/538.1 (KHTML, like Gecko) PhantomJS/2.0.0 Safari/538.1","webSecurityEnabled":false}
[INFO  - 2015-05-28T17:50:53.920Z] Session [1606b3a0-0562-11e5-bc09-4f2f8116fefd] - page.customHeaders:  - {}
[INFO  - 2015-05-28T17:50:53.920Z] Session [1606b3a0-0562-11e5-bc09-4f2f8116fefd] - Session.negotiatedCapabilities - {"browserName":"phantomjs","version":"2.0.0","driverName":"ghostdriver","driverVersion":"1.2.0","platform":"windows-unknown-32bit","javascriptEnabled":true,"takesScreenshot":true,"handlesAlerts":false,"databaseEnabled":false,"locationContextEnabled":false,"applicationCacheEnabled":false,"browserConnectionEnabled":false,"cssSelectorsEnabled":true,"webStorageEnabled":false,"rotatable":false,"acceptSslCerts":false,"nativeEvents":true,"proxy":{"proxyType":"direct"},"phantomjs.page.settings.loadImages":true,"phantomjs.page.settings.localToRemoteUrlAccessEnabled":true}
[INFO  - 2015-05-28T17:50:53.921Z] SessionManagerReqHand - _postNewSessionCommand - New Session Created: 1606b3a0-0562-11e5-bc09-4f2f8116fefd
[INFO  - 2015-05-28T17:51:07.070Z] ShutdownReqHand - _handle - About to shutdown
[INFO  - 2015-05-28T18:14:07.643Z] GhostDriver - Main - running on port 38158
[INFO  - 2015-05-28T18:14:08.578Z] Session [554e9fc0-0565-11e5-8887-5fe63dbd64bb] - page.settings - {"XSSAuditingEnabled":false,"javascriptCanCloseWindows":true,"javascriptCanOpenWindows":true,"javascriptEnabled":true,"loadImages":true,"localToRemoteUrlAccessEnabled":true,"userAgent":"Mozilla/5.0 (Windows NT 6.2; WOW64) AppleWebKit/538.1 (KHTML, like Gecko) PhantomJS/2.0.0 Safari/538.1","webSecurityEnabled":false}
[INFO  - 2015-05-28T18:14:08.578Z] Session [554e9fc0-0565-11e5-8887-5fe63dbd64bb] - page.customHeaders:  - {}
[INFO  - 2015-05-28T18:14:08.578Z] Session [554e9fc0-0565-11e5-8887-5fe63dbd64bb] - Session.negotiatedCapabilities - {"browserName":"phantomjs","version":"2.0.0","driverName":"ghostdriver","driverVersion":"1.2.0","platform":"windows-unknown-32bit","javascriptEnabled":true,"takesScreenshot":true,"handlesAlerts":false,"databaseEnabled":false,"locationContextEnabled":false,"applicationCacheEnabled":false,"browserConnectionEnabled":false,"cssSelectorsEnabled":true,"webStorageEnabled":false,"rotatable":false,"acceptSslCerts":false,"nativeEvents":true,"proxy":{"proxyType":"direct"},"phantomjs.page.settings.loadImages":true,"phantomjs.page.settings.localToRemoteUrlAccessEnabled":true}
[INFO  - 2015-05-28T18:14:08.578Z] SessionManagerReqHand - _postNewSessionCommand - New Session Created: 554e9fc0-0565-11e5-8887-5fe63dbd64bb
[ERROR - 2015-05-28T18:14:41.463Z] WebElementLocator - _handleLocateCommand - Element(s) NOT Found: GAVE UP. Search Stop Time: 1432836881337
[INFO  - 2015-05-28T18:14:42.058Z] ShutdownReqHand - _handle - About to shutdown
[INFO  - 2015-05-28T18:22:26.931Z] GhostDriver - Main - running on port 14666
[INFO  - 2015-05-28T18:22:27.889Z] Session [7eeb6fb0-0566-11e5-8cdb-ebd781da5c83] - page.settings - {"XSSAuditingEnabled":false,"javascriptCanCloseWindows":true,"javascriptCanOpenWindows":true,"javascriptEnabled":true,"loadImages":true,"localToRemoteUrlAccessEnabled":true,"userAgent":"Mozilla/5.0 (Windows NT 6.2; WOW64) AppleWebKit/538.1 (KHTML, like Gecko) PhantomJS/2.0.0 Safari/538.1","webSecurityEnabled":false}
[INFO  - 2015-05-28T18:22:27.889Z] Session [7eeb6fb0-0566-11e5-8cdb-ebd781da5c83] - page.customHeaders:  - {}
[INFO  - 2015-05-28T18:22:27.890Z] Session [7eeb6fb0-0566-11e5-8cdb-ebd781da5c83] - Session.negotiatedCapabilities - {"browserName":"phantomjs","version":"2.0.0","driverName":"ghostdriver","driverVersion":"1.2.0","platform":"windows-unknown-32bit","javascriptEnabled":true,"takesScreenshot":true,"handlesAlerts":false,"databaseEnabled":false,"locationContextEnabled":false,"applicationCacheEnabled":false,"browserConnectionEnabled":false,"cssSelectorsEnabled":true,"webStorageEnabled":false,"rotatable":false,"acceptSslCerts":false,"nativeEvents":true,"proxy":{"proxyType":"direct"},"phantomjs.page.settings.loadImages":true,"phantomjs.page.settings.localToRemoteUrlAccessEnabled":true}
[INFO  - 2015-05-28T18:22:27.890Z] SessionManagerReqHand - _postNewSessionCommand - New Session Created: 7eeb6fb0-0566-11e5-8cdb-ebd781da5c83
[INFO  - 2015-05-28T18:22:37.338Z] ShutdownReqHand - _handle - About to shutdown
[INFO  - 2015-05-29T04:52:10.689Z] GhostDriver - Main - running on port 42038
[INFO  - 2015-05-29T04:52:11.681Z] Session [77d08eb0-05be-11e5-9bca-6bcd5bd98315] - page.settings - {"XSSAuditingEnabled":false,"javascriptCanCloseWindows":true,"javascriptCanOpenWindows":true,"javascriptEnabled":true,"loadImages":true,"localToRemoteUrlAccessEnabled":true,"userAgent":"Mozilla/5.0 (Windows NT 6.2; WOW64) AppleWebKit/538.1 (KHTML, like Gecko) PhantomJS/2.0.0 Safari/538.1","webSecurityEnabled":false}
[INFO  - 2015-05-29T04:52:11.681Z] Session [77d08eb0-05be-11e5-9bca-6bcd5bd98315] - page.customHeaders:  - {}
[INFO  - 2015-05-29T04:52:11.681Z] Session [77d08eb0-05be-11e5-9bca-6bcd5bd98315] - Session.negotiatedCapabilities - {"browserName":"phantomjs","version":"2.0.0","driverName":"ghostdriver","driverVersion":"1.2.0","platform":"windows-unknown-32bit","javascriptEnabled":true,"takesScreenshot":true,"handlesAlerts":false,"databaseEnabled":false,"locationContextEnabled":false,"applicationCacheEnabled":false,"browserConnectionEnabled":false,"cssSelectorsEnabled":true,"webStorageEnabled":false,"rotatable":false,"acceptSslCerts":false,"nativeEvents":true,"proxy":{"proxyType":"direct"},"phantomjs.page.settings.loadImages":true,"phantomjs.page.settings.localToRemoteUrlAccessEnabled":true}
[INFO  - 2015-05-29T04:52:11.681Z] SessionManagerReqHand - _postNewSessionCommand - New Session Created: 77d08eb0-05be-11e5-9bca-6bcd5bd98315
[INFO  - 2015-05-29T04:52:14.211Z] ShutdownReqHand - _handle - About to shutdown
[INFO  - 2015-05-29T05:27:39.998Z] GhostDriver - Main - running on port 6446
[INFO  - 2015-05-29T05:27:40.938Z] Session [6cf33d30-05c3-11e5-a160-93866ffda8f4] - page.settings - {"XSSAuditingEnabled":false,"javascriptCanCloseWindows":true,"javascriptCanOpenWindows":true,"javascriptEnabled":true,"loadImages":true,"localToRemoteUrlAccessEnabled":true,"userAgent":"Mozilla/5.0 (Windows NT 6.2; WOW64) AppleWebKit/538.1 (KHTML, like Gecko) PhantomJS/2.0.0 Safari/538.1","webSecurityEnabled":false}
[INFO  - 2015-05-29T05:27:40.938Z] Session [6cf33d30-05c3-11e5-a160-93866ffda8f4] - page.customHeaders:  - {}
[INFO  - 2015-05-29T05:27:40.938Z] Session [6cf33d30-05c3-11e5-a160-93866ffda8f4] - Session.negotiatedCapabilities - {"browserName":"phantomjs","version":"2.0.0","driverName":"ghostdriver","driverVersion":"1.2.0","platform":"windows-unknown-32bit","javascriptEnabled":true,"takesScreenshot":true,"handlesAlerts":false,"databaseEnabled":false,"locationContextEnabled":false,"applicationCacheEnabled":false,"browserConnectionEnabled":false,"cssSelectorsEnabled":true,"webStorageEnabled":false,"rotatable":false,"acceptSslCerts":false,"nativeEvents":true,"proxy":{"proxyType":"direct"},"phantomjs.page.settings.loadImages":true,"phantomjs.page.settings.localToRemoteUrlAccessEnabled":true}
[INFO  - 2015-05-29T05:27:40.938Z] SessionManagerReqHand - _postNewSessionCommand - New Session Created: 6cf33d30-05c3-11e5-a160-93866ffda8f4
[INFO  - 2015-05-29T05:27:43.165Z] ShutdownReqHand - _handle - About to shutdown
[INFO  - 2015-05-29T05:28:01.387Z] GhostDriver - Main - running on port 8080
[INFO  - 2015-05-29T05:28:02.392Z] Session [79bd0320-05c3-11e5-98dc-fbad85f6f1aa] - page.settings - {"XSSAuditingEnabled":false,"javascriptCanCloseWindows":true,"javascriptCanOpenWindows":true,"javascriptEnabled":true,"loadImages":true,"localToRemoteUrlAccessEnabled":true,"userAgent":"Mozilla/5.0 (Windows NT 6.2; WOW64) AppleWebKit/538.1 (KHTML, like Gecko) PhantomJS/2.0.0 Safari/538.1","webSecurityEnabled":false}
[INFO  - 2015-05-29T05:28:02.392Z] Session [79bd0320-05c3-11e5-98dc-fbad85f6f1aa] - page.customHeaders:  - {}
[INFO  - 2015-05-29T05:28:02.392Z] Session [79bd0320-05c3-11e5-98dc-fbad85f6f1aa] - Session.negotiatedCapabilities - {"browserName":"phantomjs","version":"2.0.0","driverName":"ghostdriver","driverVersion":"1.2.0","platform":"windows-unknown-32bit","javascriptEnabled":true,"takesScreenshot":true,"handlesAlerts":false,"databaseEnabled":false,"locationContextEnabled":false,"applicationCacheEnabled":false,"browserConnectionEnabled":false,"cssSelectorsEnabled":true,"webStorageEnabled":false,"rotatable":false,"acceptSslCerts":false,"nativeEvents":true,"proxy":{"proxyType":"direct"},"phantomjs.page.settings.loadImages":true,"phantomjs.page.settings.localToRemoteUrlAccessEnabled":true}
[INFO  - 2015-05-29T05:28:02.392Z] SessionManagerReqHand - _postNewSessionCommand - New Session Created: 79bd0320-05c3-11e5-98dc-fbad85f6f1aa
[INFO  - 2015-05-29T05:33:01.602Z] SessionManagerReqHand - _cleanupWindowlessSessions - Asynchronous Sessions clean-up phase starting NOW
[INFO  - 2015-05-29T05:38:01.602Z] SessionManagerReqHand - _cleanupWindowlessSessions - Asynchronous Sessions clean-up phase starting NOW
[INFO  - 2015-05-29T05:43:01.604Z] SessionManagerReqHand - _cleanupWindowlessSessions - Asynchronous Sessions clean-up phase starting NOW
[INFO  - 2015-05-29T05:48:01.604Z] SessionManagerReqHand - _cleanupWindowlessSessions - Asynchronous Sessions clean-up phase starting NOW
[INFO  - 2015-05-29T05:53:01.604Z] SessionManagerReqHand - _cleanupWindowlessSessions - Asynchronous Sessions clean-up phase starting NOW
[INFO  - 2015-05-29T05:58:01.604Z] SessionManagerReqHand - _cleanupWindowlessSessions - Asynchronous Sessions clean-up phase starting NOW
[INFO  - 2015-05-29T06:03:01.603Z] SessionManagerReqHand - _cleanupWindowlessSessions - Asynchronous Sessions clean-up phase starting NOW
[INFO  - 2015-05-29T06:08:01.611Z] SessionManagerReqHand - _cleanupWindowlessSessions - Asynchronous Sessions clean-up phase starting NOW
[INFO  - 2015-05-29T06:13:01.611Z] SessionManagerReqHand - _cleanupWindowlessSessions - Asynchronous Sessions clean-up phase starting NOW
[INFO  - 2015-05-29T06:18:01.612Z] SessionManagerReqHand - _cleanupWindowlessSessions - Asynchronous Sessions clean-up phase starting NOW
[INFO  - 2015-05-29T06:23:01.612Z] SessionManagerReqHand - _cleanupWindowlessSessions - Asynchronous Sessions clean-up phase starting NOW
[INFO  - 2015-05-29T06:28:01.612Z] SessionManagerReqHand - _cleanupWindowlessSessions - Asynchronous Sessions clean-up phase starting NOW
[INFO  - 2015-05-29T06:33:01.612Z] SessionManagerReqHand - _cleanupWindowlessSessions - Asynchronous Sessions clean-up phase starting NOW
[INFO  - 2015-05-29T06:38:01.612Z] SessionManagerReqHand - _cleanupWindowlessSessions - Asynchronous Sessions clean-up phase starting NOW
[INFO  - 2015-05-29T06:43:01.612Z] SessionManagerReqHand - _cleanupWindowlessSessions - Asynchronous Sessions clean-up phase starting NOW
[INFO  - 2015-05-29T06:48:01.612Z] SessionManagerReqHand - _cleanupWindowlessSessions - Asynchronous Sessions clean-up phase starting NOW
[INFO  - 2015-05-29T06:53:01.612Z] SessionManagerReqHand - _cleanupWindowlessSessions - Asynchronous Sessions clean-up phase starting NOW
[INFO  - 2015-05-29T06:58:01.611Z] SessionManagerReqHand - _cleanupWindowlessSessions - Asynchronous Sessions clean-up phase starting NOW
[INFO  - 2015-05-29T07:03:01.612Z] SessionManagerReqHand - _cleanupWindowlessSessions - Asynchronous Sessions clean-up phase starting NOW
[INFO  - 2015-05-29T07:08:01.612Z] SessionManagerReqHand - _cleanupWindowlessSessions - Asynchronous Sessions clean-up phase starting NOW
[INFO  - 2015-05-29T07:13:01.617Z] SessionManagerReqHand - _cleanupWindowlessSessions - Asynchronous Sessions clean-up phase starting NOW
[INFO  - 2015-05-29T07:18:01.617Z] SessionManagerReqHand - _cleanupWindowlessSessions - Asynchronous Sessions clean-up phase starting NOW
[INFO  - 2015-05-29T07:23:01.626Z] SessionManagerReqHand - _cleanupWindowlessSessions - Asynchronous Sessions clean-up phase starting NOW
[INFO  - 2015-05-29T07:28:01.626Z] SessionManagerReqHand - _cleanupWindowlessSessions - Asynchronous Sessions clean-up phase starting NOW
[INFO  - 2015-05-29T07:33:01.626Z] SessionManagerReqHand - _cleanupWindowlessSessions - Asynchronous Sessions clean-up phase starting NOW
[INFO  - 2015-05-29T07:38:01.626Z] SessionManagerReqHand - _cleanupWindowlessSessions - Asynchronous Sessions clean-up phase starting NOW
[INFO  - 2015-05-29T07:43:01.626Z] SessionManagerReqHand - _cleanupWindowlessSessions - Asynchronous Sessions clean-up phase starting NOW
[INFO  - 2015-05-29T07:48:01.630Z] SessionManagerReqHand - _cleanupWindowlessSessions - Asynchronous Sessions clean-up phase starting NOW
[INFO  - 2015-05-29T07:53:01.633Z] SessionManagerReqHand - _cleanupWindowlessSessions - Asynchronous Sessions clean-up phase starting NOW
[INFO  - 2015-05-29T07:58:01.644Z] SessionManagerReqHand - _cleanupWindowlessSessions - Asynchronous Sessions clean-up phase starting NOW
[INFO  - 2015-05-29T08:03:01.644Z] SessionManagerReqHand - _cleanupWindowlessSessions - Asynchronous Sessions clean-up phase starting NOW
[INFO  - 2015-05-29T08:08:01.644Z] SessionManagerReqHand - _cleanupWindowlessSessions - Asynchronous Sessions clean-up phase starting NOW
[INFO  - 2015-05-29T08:13:01.647Z] SessionManagerReqHand - _cleanupWindowlessSessions - Asynchronous Sessions clean-up phase starting NOW
[INFO  - 2015-05-29T08:18:01.647Z] SessionManagerReqHand - _cleanupWindowlessSessions - Asynchronous Sessions clean-up phase starting NOW
[INFO  - 2015-05-29T08:23:01.651Z] SessionManagerReqHand - _cleanupWindowlessSessions - Asynchronous Sessions clean-up phase starting NOW
[INFO  - 2015-05-29T08:28:01.652Z] SessionManagerReqHand - _cleanupWindowlessSessions - Asynchronous Sessions clean-up phase starting NOW
[INFO  - 2015-05-29T08:33:01.651Z] SessionManagerReqHand - _cleanupWindowlessSessions - Asynchronous Sessions clean-up phase starting NOW
[INFO  - 2015-05-29T08:38:01.652Z] SessionManagerReqHand - _cleanupWindowlessSessions - Asynchronous Sessions clean-up phase starting NOW
[INFO  - 2015-05-29T08:43:01.652Z] SessionManagerReqHand - _cleanupWindowlessSessions - Asynchronous Sessions clean-up phase starting NOW
[INFO  - 2015-05-29T08:48:01.651Z] SessionManagerReqHand - _cleanupWindowlessSessions - Asynchronous Sessions clean-up phase starting NOW
[INFO  - 2015-05-29T08:53:01.652Z] SessionManagerReqHand - _cleanupWindowlessSessions - Asynchronous Sessions clean-up phase starting NOW
[INFO  - 2015-05-29T08:58:01.652Z] SessionManagerReqHand - _cleanupWindowlessSessions - Asynchronous Sessions clean-up phase starting NOW
[INFO  - 2015-05-29T09:03:01.652Z] SessionManagerReqHand - _cleanupWindowlessSessions - Asynchronous Sessions clean-up phase starting NOW
[INFO  - 2015-05-29T09:08:01.652Z] SessionManagerReqHand - _cleanupWindowlessSessions - Asynchronous Sessions clean-up phase starting NOW
[INFO  - 2015-05-29T09:13:01.652Z] SessionManagerReqHand - _cleanupWindowlessSessions - Asynchronous Sessions clean-up phase starting NOW
[INFO  - 2015-05-29T09:18:01.652Z] SessionManagerReqHand - _cleanupWindowlessSessions - Asynchronous Sessions clean-up phase starting NOW
[INFO  - 2015-05-29T09:23:01.653Z] SessionManagerReqHand - _cleanupWindowlessSessions - Asynchronous Sessions clean-up phase starting NOW
[INFO  - 2015-05-29T09:28:01.653Z] SessionManagerReqHand - _cleanupWindowlessSessions - Asynchronous Sessions clean-up phase starting NOW
[INFO  - 2015-05-29T09:33:01.653Z] SessionManagerReqHand - _cleanupWindowlessSessions - Asynchronous Sessions clean-up phase starting NOW
[INFO  - 2015-05-29T09:38:01.653Z] SessionManagerReqHand - _cleanupWindowlessSessions - Asynchronous Sessions clean-up phase starting NOW
[INFO  - 2015-05-29T09:43:01.653Z] SessionManagerReqHand - _cleanupWindowlessSessions - Asynchronous Sessions clean-up phase starting NOW
[INFO  - 2015-05-29T09:48:01.653Z] SessionManagerReqHand - _cleanupWindowlessSessions - Asynchronous Sessions clean-up phase starting NOW
[INFO  - 2015-05-29T09:53:01.653Z] SessionManagerReqHand - _cleanupWindowlessSessions - Asynchronous Sessions clean-up phase starting NOW
[INFO  - 2015-05-29T09:58:01.653Z] SessionManagerReqHand - _cleanupWindowlessSessions - Asynchronous Sessions clean-up phase starting NOW
[INFO  - 2015-05-29T10:03:01.653Z] SessionManagerReqHand - _cleanupWindowlessSessions - Asynchronous Sessions clean-up phase starting NOW
[INFO  - 2015-05-29T10:08:01.653Z] SessionManagerReqHand - _cleanupWindowlessSessions - Asynchronous Sessions clean-up phase starting NOW
[INFO  - 2015-05-29T10:13:01.654Z] SessionManagerReqHand - _cleanupWindowlessSessions - Asynchronous Sessions clean-up phase starting NOW
[INFO  - 2015-05-29T13:07:53.114Z] GhostDriver - Main - running on port 37860
[INFO  - 2015-05-29T13:07:53.547Z] Session [b7592750-0603-11e5-a087-1dc4d1a441f6] - page.settings - {"XSSAuditingEnabled":false,"javascriptCanCloseWindows":true,"javascriptCanOpenWindows":true,"javascriptEnabled":true,"loadImages":true,"localToRemoteUrlAccessEnabled":true,"userAgent":"Mozilla/5.0 (Windows NT 6.2; WOW64) AppleWebKit/538.1 (KHTML, like Gecko) PhantomJS/2.0.0 Safari/538.1","webSecurityEnabled":false}
[INFO  - 2015-05-29T13:07:53.547Z] Session [b7592750-0603-11e5-a087-1dc4d1a441f6] - page.customHeaders:  - {}
[INFO  - 2015-05-29T13:07:53.547Z] Session [b7592750-0603-11e5-a087-1dc4d1a441f6] - Session.negotiatedCapabilities - {"browserName":"phantomjs","version":"2.0.0","driverName":"ghostdriver","driverVersion":"1.2.0","platform":"windows-unknown-32bit","javascriptEnabled":true,"takesScreenshot":true,"handlesAlerts":false,"databaseEnabled":false,"locationContextEnabled":false,"applicationCacheEnabled":false,"browserConnectionEnabled":false,"cssSelectorsEnabled":true,"webStorageEnabled":false,"rotatable":false,"acceptSslCerts":false,"nativeEvents":true,"proxy":{"proxyType":"direct"},"phantomjs.page.settings.loadImages":true,"phantomjs.page.settings.localToRemoteUrlAccessEnabled":true}
[INFO  - 2015-05-29T13:07:53.547Z] SessionManagerReqHand - _postNewSessionCommand - New Session Created: b7592750-0603-11e5-a087-1dc4d1a441f6
[INFO  - 2015-05-29T13:07:58.560Z] ShutdownReqHand - _handle - About to shutdown
[INFO  - 2015-06-01T07:50:10.239Z] GhostDriver - Main - running on port 32984
[INFO  - 2015-06-01T07:50:11.451Z] Session [d4b16250-0832-11e5-b3e4-ab423b9a774d] - page.settings - {"XSSAuditingEnabled":false,"javascriptCanCloseWindows":true,"javascriptCanOpenWindows":true,"javascriptEnabled":true,"loadImages":true,"localToRemoteUrlAccessEnabled":true,"userAgent":"Mozilla/5.0 (Windows NT 6.2; WOW64) AppleWebKit/538.1 (KHTML, like Gecko) PhantomJS/2.0.0 Safari/538.1","webSecurityEnabled":false}
[INFO  - 2015-06-01T07:50:11.451Z] Session [d4b16250-0832-11e5-b3e4-ab423b9a774d] - page.customHeaders:  - {}
[INFO  - 2015-06-01T07:50:11.451Z] Session [d4b16250-0832-11e5-b3e4-ab423b9a774d] - Session.negotiatedCapabilities - {"browserName":"phantomjs","version":"2.0.0","driverName":"ghostdriver","driverVersion":"1.2.0","platform":"windows-unknown-32bit","javascriptEnabled":true,"takesScreenshot":true,"handlesAlerts":false,"databaseEnabled":false,"locationContextEnabled":false,"applicationCacheEnabled":false,"browserConnectionEnabled":false,"cssSelectorsEnabled":true,"webStorageEnabled":false,"rotatable":false,"acceptSslCerts":false,"nativeEvents":true,"proxy":{"proxyType":"direct"},"phantomjs.page.settings.loadImages":true,"phantomjs.page.settings.localToRemoteUrlAccessEnabled":true}
[INFO  - 2015-06-01T07:50:11.452Z] SessionManagerReqHand - _postNewSessionCommand - New Session Created: d4b16250-0832-11e5-b3e4-ab423b9a774d
[INFO  - 2015-06-01T07:50:14.756Z] ShutdownReqHand - _handle - About to shutdown
[INFO  - 2015-06-02T05:02:48.142Z] GhostDriver - Main - running on port 44229
[INFO  - 2015-06-02T05:02:48.655Z] Session [9d21ec80-08e4-11e5-91e3-49a4dc4b6fd4] - page.settings - {"XSSAuditingEnabled":false,"javascriptCanCloseWindows":true,"javascriptCanOpenWindows":true,"javascriptEnabled":true,"loadImages":true,"localToRemoteUrlAccessEnabled":true,"userAgent":"Mozilla/5.0 (Windows NT 6.2; WOW64) AppleWebKit/538.1 (KHTML, like Gecko) PhantomJS/2.0.0 Safari/538.1","webSecurityEnabled":false}
[INFO  - 2015-06-02T05:02:48.655Z] Session [9d21ec80-08e4-11e5-91e3-49a4dc4b6fd4] - page.customHeaders:  - {}
[INFO  - 2015-06-02T05:02:48.655Z] Session [9d21ec80-08e4-11e5-91e3-49a4dc4b6fd4] - Session.negotiatedCapabilities - {"browserName":"phantomjs","version":"2.0.0","driverName":"ghostdriver","driverVersion":"1.2.0","platform":"windows-unknown-32bit","javascriptEnabled":true,"takesScreenshot":true,"handlesAlerts":false,"databaseEnabled":false,"locationContextEnabled":false,"applicationCacheEnabled":false,"browserConnectionEnabled":false,"cssSelectorsEnabled":true,"webStorageEnabled":false,"rotatable":false,"acceptSslCerts":false,"nativeEvents":true,"proxy":{"proxyType":"direct"},"phantomjs.page.settings.loadImages":true,"phantomjs.page.settings.localToRemoteUrlAccessEnabled":true}
[INFO  - 2015-06-02T05:02:48.655Z] SessionManagerReqHand - _postNewSessionCommand - New Session Created: 9d21ec80-08e4-11e5-91e3-49a4dc4b6fd4
[INFO  - 2015-06-02T05:02:50.762Z] ShutdownReqHand - _handle - About to shutdown
[INFO  - 2015-06-02T05:07:21.703Z] GhostDriver - Main - running on port 3440
[INFO  - 2015-06-02T05:07:22.193Z] Session [402afc00-08e5-11e5-ad1f-6daadd707b81] - page.settings - {"XSSAuditingEnabled":false,"javascriptCanCloseWindows":true,"javascriptCanOpenWindows":true,"javascriptEnabled":true,"loadImages":true,"localToRemoteUrlAccessEnabled":true,"userAgent":"Mozilla/5.0 (Windows NT 6.2; WOW64) AppleWebKit/538.1 (KHTML, like Gecko) PhantomJS/2.0.0 Safari/538.1","webSecurityEnabled":false}
[INFO  - 2015-06-02T05:07:22.193Z] Session [402afc00-08e5-11e5-ad1f-6daadd707b81] - page.customHeaders:  - {}
[INFO  - 2015-06-02T05:07:22.193Z] Session [402afc00-08e5-11e5-ad1f-6daadd707b81] - Session.negotiatedCapabilities - {"browserName":"phantomjs","version":"2.0.0","driverName":"ghostdriver","driverVersion":"1.2.0","platform":"windows-unknown-32bit","javascriptEnabled":true,"takesScreenshot":true,"handlesAlerts":false,"databaseEnabled":false,"locationContextEnabled":false,"applicationCacheEnabled":false,"browserConnectionEnabled":false,"cssSelectorsEnabled":true,"webStorageEnabled":false,"rotatable":false,"acceptSslCerts":false,"nativeEvents":true,"proxy":{"proxyType":"direct"},"phantomjs.page.settings.loadImages":true,"phantomjs.page.settings.localToRemoteUrlAccessEnabled":true}
[INFO  - 2015-06-02T05:07:22.194Z] SessionManagerReqHand - _postNewSessionCommand - New Session Created: 402afc00-08e5-11e5-ad1f-6daadd707b81
[INFO  - 2015-06-02T05:07:23.846Z] ShutdownReqHand - _handle - About to shutdown
[INFO  - 2015-06-02T05:29:13.955Z] GhostDriver - Main - running on port 48750
[INFO  - 2015-06-02T05:29:14.967Z] Session [4ea5ed00-08e8-11e5-8bac-e9d25db7c5f4] - page.settings - {"XSSAuditingEnabled":false,"javascriptCanCloseWindows":true,"javascriptCanOpenWindows":true,"javascriptEnabled":true,"loadImages":true,"localToRemoteUrlAccessEnabled":true,"userAgent":"Mozilla/5.0 (Windows NT 6.2; WOW64) AppleWebKit/538.1 (KHTML, like Gecko) PhantomJS/2.0.0 Safari/538.1","webSecurityEnabled":false}
[INFO  - 2015-06-02T05:29:14.967Z] Session [4ea5ed00-08e8-11e5-8bac-e9d25db7c5f4] - page.customHeaders:  - {}
[INFO  - 2015-06-02T05:29:14.967Z] Session [4ea5ed00-08e8-11e5-8bac-e9d25db7c5f4] - Session.negotiatedCapabilities - {"browserName":"phantomjs","version":"2.0.0","driverName":"ghostdriver","driverVersion":"1.2.0","platform":"windows-unknown-32bit","javascriptEnabled":true,"takesScreenshot":true,"handlesAlerts":false,"databaseEnabled":false,"locationContextEnabled":false,"applicationCacheEnabled":false,"browserConnectionEnabled":false,"cssSelectorsEnabled":true,"webStorageEnabled":false,"rotatable":false,"acceptSslCerts":false,"nativeEvents":true,"proxy":{"proxyType":"direct"},"phantomjs.page.settings.loadImages":true,"phantomjs.page.settings.localToRemoteUrlAccessEnabled":true}
[INFO  - 2015-06-02T05:29:14.967Z] SessionManagerReqHand - _postNewSessionCommand - New Session Created: 4ea5ed00-08e8-11e5-8bac-e9d25db7c5f4
[INFO  - 2015-06-02T05:29:16.898Z] ShutdownReqHand - _handle - About to shutdown
[INFO  - 2015-06-02T05:40:19.180Z] GhostDriver - Main - running on port 6595
[INFO  - 2015-06-02T05:40:19.637Z] Session [dad2abf0-08e9-11e5-bbfe-1b15f8d1a3db] - page.settings - {"XSSAuditingEnabled":false,"javascriptCanCloseWindows":true,"javascriptCanOpenWindows":true,"javascriptEnabled":true,"loadImages":true,"localToRemoteUrlAccessEnabled":true,"userAgent":"Mozilla/5.0 (Windows NT 6.2; WOW64) AppleWebKit/538.1 (KHTML, like Gecko) PhantomJS/2.0.0 Safari/538.1","webSecurityEnabled":false}
[INFO  - 2015-06-02T05:40:19.637Z] Session [dad2abf0-08e9-11e5-bbfe-1b15f8d1a3db] - page.customHeaders:  - {}
[INFO  - 2015-06-02T05:40:19.638Z] Session [dad2abf0-08e9-11e5-bbfe-1b15f8d1a3db] - Session.negotiatedCapabilities - {"browserName":"phantomjs","version":"2.0.0","driverName":"ghostdriver","driverVersion":"1.2.0","platform":"windows-unknown-32bit","javascriptEnabled":true,"takesScreenshot":true,"handlesAlerts":false,"databaseEnabled":false,"locationContextEnabled":false,"applicationCacheEnabled":false,"browserConnectionEnabled":false,"cssSelectorsEnabled":true,"webStorageEnabled":false,"rotatable":false,"acceptSslCerts":false,"nativeEvents":true,"proxy":{"proxyType":"direct"},"phantomjs.page.settings.loadImages":true,"phantomjs.page.settings.localToRemoteUrlAccessEnabled":true}
[INFO  - 2015-06-02T05:40:19.638Z] SessionManagerReqHand - _postNewSessionCommand - New Session Created: dad2abf0-08e9-11e5-bbfe-1b15f8d1a3db
[INFO  - 2015-06-02T05:40:22.508Z] ShutdownReqHand - _handle - About to shutdown
[INFO  - 2015-06-02T05:46:19.856Z] GhostDriver - Main - running on port 21731
[INFO  - 2015-06-02T05:46:20.808Z] Session [b218d710-08ea-11e5-b066-6be0d248ff7e] - page.settings - {"XSSAuditingEnabled":false,"javascriptCanCloseWindows":true,"javascriptCanOpenWindows":true,"javascriptEnabled":true,"loadImages":true,"localToRemoteUrlAccessEnabled":true,"userAgent":"Mozilla/5.0 (Windows NT 6.2; WOW64) AppleWebKit/538.1 (KHTML, like Gecko) PhantomJS/2.0.0 Safari/538.1","webSecurityEnabled":false}
[INFO  - 2015-06-02T05:46:20.808Z] Session [b218d710-08ea-11e5-b066-6be0d248ff7e] - page.customHeaders:  - {}
[INFO  - 2015-06-02T05:46:20.808Z] Session [b218d710-08ea-11e5-b066-6be0d248ff7e] - Session.negotiatedCapabilities - {"browserName":"phantomjs","version":"2.0.0","driverName":"ghostdriver","driverVersion":"1.2.0","platform":"windows-unknown-32bit","javascriptEnabled":true,"takesScreenshot":true,"handlesAlerts":false,"databaseEnabled":false,"locationContextEnabled":false,"applicationCacheEnabled":false,"browserConnectionEnabled":false,"cssSelectorsEnabled":true,"webStorageEnabled":false,"rotatable":false,"acceptSslCerts":false,"nativeEvents":true,"proxy":{"proxyType":"direct"},"phantomjs.page.settings.loadImages":true,"phantomjs.page.settings.localToRemoteUrlAccessEnabled":true}
[INFO  - 2015-06-02T05:46:20.809Z] SessionManagerReqHand - _postNewSessionCommand - New Session Created: b218d710-08ea-11e5-b066-6be0d248ff7e
[INFO  - 2015-06-02T05:46:23.155Z] ShutdownReqHand - _handle - About to shutdown
[INFO  - 2015-06-02T07:34:51.831Z] GhostDriver - Main - running on port 21547
[INFO  - 2015-06-02T07:34:52.973Z] Session [dba63550-08f9-11e5-ba17-cb52ffe8f118] - page.settings - {"XSSAuditingEnabled":false,"javascriptCanCloseWindows":true,"javascriptCanOpenWindows":true,"javascriptEnabled":true,"loadImages":true,"localToRemoteUrlAccessEnabled":true,"userAgent":"Mozilla/5.0 (Windows NT 6.2; WOW64) AppleWebKit/538.1 (KHTML, like Gecko) PhantomJS/2.0.0 Safari/538.1","webSecurityEnabled":false}
[INFO  - 2015-06-02T07:34:52.973Z] Session [dba63550-08f9-11e5-ba17-cb52ffe8f118] - page.customHeaders:  - {}
[INFO  - 2015-06-02T07:34:52.973Z] Session [dba63550-08f9-11e5-ba17-cb52ffe8f118] - Session.negotiatedCapabilities - {"browserName":"phantomjs","version":"2.0.0","driverName":"ghostdriver","driverVersion":"1.2.0","platform":"windows-unknown-32bit","javascriptEnabled":true,"takesScreenshot":true,"handlesAlerts":false,"databaseEnabled":false,"locationContextEnabled":false,"applicationCacheEnabled":false,"browserConnectionEnabled":false,"cssSelectorsEnabled":true,"webStorageEnabled":false,"rotatable":false,"acceptSslCerts":false,"nativeEvents":true,"proxy":{"proxyType":"direct"},"phantomjs.page.settings.loadImages":true,"phantomjs.page.settings.localToRemoteUrlAccessEnabled":true}
[INFO  - 2015-06-02T07:34:52.973Z] SessionManagerReqHand - _postNewSessionCommand - New Session Created: dba63550-08f9-11e5-ba17-cb52ffe8f118
[INFO  - 2015-06-02T07:34:55.492Z] ShutdownReqHand - _handle - About to shutdown
[INFO  - 2015-06-02T14:22:08.370Z] GhostDriver - Main - running on port 29727
[INFO  - 2015-06-02T14:22:08.608Z] Session [c06c5c90-0932-11e5-b7cf-bf9f78394821] - page.settings - {"XSSAuditingEnabled":false,"javascriptCanCloseWindows":true,"javascriptCanOpenWindows":true,"javascriptEnabled":true,"loadImages":true,"localToRemoteUrlAccessEnabled":true,"userAgent":"Mozilla/5.0 (Windows NT 6.2; WOW64) AppleWebKit/538.1 (KHTML, like Gecko) PhantomJS/2.0.0 Safari/538.1","webSecurityEnabled":false}
[INFO  - 2015-06-02T14:22:08.608Z] Session [c06c5c90-0932-11e5-b7cf-bf9f78394821] - page.customHeaders:  - {}
[INFO  - 2015-06-02T14:22:08.608Z] Session [c06c5c90-0932-11e5-b7cf-bf9f78394821] - Session.negotiatedCapabilities - {"browserName":"phantomjs","version":"2.0.0","driverName":"ghostdriver","driverVersion":"1.2.0","platform":"windows-unknown-32bit","javascriptEnabled":true,"takesScreenshot":true,"handlesAlerts":false,"databaseEnabled":false,"locationContextEnabled":false,"applicationCacheEnabled":false,"browserConnectionEnabled":false,"cssSelectorsEnabled":true,"webStorageEnabled":false,"rotatable":false,"acceptSslCerts":false,"nativeEvents":true,"proxy":{"proxyType":"direct"},"phantomjs.page.settings.loadImages":true,"phantomjs.page.settings.localToRemoteUrlAccessEnabled":true}
[INFO  - 2015-06-02T14:22:08.608Z] SessionManagerReqHand - _postNewSessionCommand - New Session Created: c06c5c90-0932-11e5-b7cf-bf9f78394821
[INFO  - 2015-06-02T14:22:10.590Z] ShutdownReqHand - _handle - About to shutdown
[INFO  - 2015-06-02T17:24:25.468Z] GhostDriver - Main - running on port 3374
[INFO  - 2015-06-02T17:24:26.444Z] Session [37e1af50-094c-11e5-8f9c-c17df16e607c] - page.settings - {"XSSAuditingEnabled":false,"javascriptCanCloseWindows":true,"javascriptCanOpenWindows":true,"javascriptEnabled":true,"loadImages":true,"localToRemoteUrlAccessEnabled":true,"userAgent":"Mozilla/5.0 (Windows NT 6.2; WOW64) AppleWebKit/538.1 (KHTML, like Gecko) PhantomJS/2.0.0 Safari/538.1","webSecurityEnabled":false}
[INFO  - 2015-06-02T17:24:26.444Z] Session [37e1af50-094c-11e5-8f9c-c17df16e607c] - page.customHeaders:  - {}
[INFO  - 2015-06-02T17:24:26.444Z] Session [37e1af50-094c-11e5-8f9c-c17df16e607c] - Session.negotiatedCapabilities - {"browserName":"phantomjs","version":"2.0.0","driverName":"ghostdriver","driverVersion":"1.2.0","platform":"windows-unknown-32bit","javascriptEnabled":true,"takesScreenshot":true,"handlesAlerts":false,"databaseEnabled":false,"locationContextEnabled":false,"applicationCacheEnabled":false,"browserConnectionEnabled":false,"cssSelectorsEnabled":true,"webStorageEnabled":false,"rotatable":false,"acceptSslCerts":false,"nativeEvents":true,"proxy":{"proxyType":"direct"},"phantomjs.page.settings.loadImages":true,"phantomjs.page.settings.localToRemoteUrlAccessEnabled":true}
[INFO  - 2015-06-02T17:24:26.444Z] SessionManagerReqHand - _postNewSessionCommand - New Session Created: 37e1af50-094c-11e5-8f9c-c17df16e607c
[INFO  - 2015-06-02T17:24:28.446Z] ShutdownReqHand - _handle - About to shutdown
[INFO  - 2015-06-02T17:43:39.454Z] GhostDriver - Main - running on port 31508
[INFO  - 2015-06-02T17:43:39.854Z] Session [e75e3c80-094e-11e5-a58a-11a6d81ca6ed] - page.settings - {"XSSAuditingEnabled":false,"javascriptCanCloseWindows":true,"javascriptCanOpenWindows":true,"javascriptEnabled":true,"loadImages":true,"localToRemoteUrlAccessEnabled":true,"userAgent":"Mozilla/5.0 (Windows NT 6.2; WOW64) AppleWebKit/538.1 (KHTML, like Gecko) PhantomJS/2.0.0 Safari/538.1","webSecurityEnabled":false}
[INFO  - 2015-06-02T17:43:39.854Z] Session [e75e3c80-094e-11e5-a58a-11a6d81ca6ed] - page.customHeaders:  - {}
[INFO  - 2015-06-02T17:43:39.854Z] Session [e75e3c80-094e-11e5-a58a-11a6d81ca6ed] - Session.negotiatedCapabilities - {"browserName":"phantomjs","version":"2.0.0","driverName":"ghostdriver","driverVersion":"1.2.0","platform":"windows-unknown-32bit","javascriptEnabled":true,"takesScreenshot":true,"handlesAlerts":false,"databaseEnabled":false,"locationContextEnabled":false,"applicationCacheEnabled":false,"browserConnectionEnabled":false,"cssSelectorsEnabled":true,"webStorageEnabled":false,"rotatable":false,"acceptSslCerts":false,"nativeEvents":true,"proxy":{"proxyType":"direct"},"phantomjs.page.settings.loadImages":true,"phantomjs.page.settings.localToRemoteUrlAccessEnabled":true}
[INFO  - 2015-06-02T17:43:39.854Z] SessionManagerReqHand - _postNewSessionCommand - New Session Created: e75e3c80-094e-11e5-a58a-11a6d81ca6ed
[INFO  - 2015-06-02T17:43:41.414Z] ShutdownReqHand - _handle - About to shutdown
[INFO  - 2015-06-03T09:44:40.583Z] GhostDriver - Main - running on port 20492
[INFO  - 2015-06-03T09:44:41.653Z] Session [287a5ce0-09d5-11e5-ad55-9fefb18371cc] - page.settings - {"XSSAuditingEnabled":false,"javascriptCanCloseWindows":true,"javascriptCanOpenWindows":true,"javascriptEnabled":true,"loadImages":true,"localToRemoteUrlAccessEnabled":true,"userAgent":"Mozilla/5.0 (Windows NT 6.2; WOW64) AppleWebKit/538.1 (KHTML, like Gecko) PhantomJS/2.0.0 Safari/538.1","webSecurityEnabled":false}
[INFO  - 2015-06-03T09:44:41.653Z] Session [287a5ce0-09d5-11e5-ad55-9fefb18371cc] - page.customHeaders:  - {}
[INFO  - 2015-06-03T09:44:41.653Z] Session [287a5ce0-09d5-11e5-ad55-9fefb18371cc] - Session.negotiatedCapabilities - {"browserName":"phantomjs","version":"2.0.0","driverName":"ghostdriver","driverVersion":"1.2.0","platform":"windows-unknown-32bit","javascriptEnabled":true,"takesScreenshot":true,"handlesAlerts":false,"databaseEnabled":false,"locationContextEnabled":false,"applicationCacheEnabled":false,"browserConnectionEnabled":false,"cssSelectorsEnabled":true,"webStorageEnabled":false,"rotatable":false,"acceptSslCerts":false,"nativeEvents":true,"proxy":{"proxyType":"direct"},"phantomjs.page.settings.loadImages":true,"phantomjs.page.settings.localToRemoteUrlAccessEnabled":true}
[INFO  - 2015-06-03T09:44:41.653Z] SessionManagerReqHand - _postNewSessionCommand - New Session Created: 287a5ce0-09d5-11e5-ad55-9fefb18371cc
[INFO  - 2015-06-03T09:44:44.078Z] ShutdownReqHand - _handle - About to shutdown
